# JRE version: OpenJDK Runtime Environment (8.0_152-b01) (build 1.8.0_152-release-1024-b01)
# Java VM: OpenJDK 64-Bit Server VM (25.152-b01 mixed mode linux-amd64 compressed oops)
Heap:
 PSYoungGen      total 493568K, used 30919K [0x00000000d8800000, 0x00000000ffe00000, 0x0000000100000000)
  eden space 346624K, 0% used [0x00000000d8800000,0x00000000d8800000,0x00000000eda80000)
  from space 146944K, 21% used [0x00000000eda80000,0x00000000ef8b1e40,0x00000000f6a00000)
  to   space 143872K, 0% used [0x00000000f7180000,0x00000000f7180000,0x00000000ffe00000)
 ParOldGen       total 432128K, used 431715K [0x0000000089800000, 0x00000000a3e00000, 0x00000000d8800000)
  object space 432128K, 99% used [0x0000000089800000,0x00000000a3d98db0,0x00000000a3e00000)
 Metaspace       used 70104K, capacity 76909K, committed 80640K, reserved 1120256K
  class space    used 7876K, capacity 9861K, committed 10496K, reserved 1048576K
GC Heap History (10 events):
Event: 19.385 GC heap after
Heap after GC invocations=29 (full 4):
 PSYoungGen      total 538112K, used 109032K [0x00000000d8800000, 0x0000000100000000, 0x0000000100000000)
  eden space 429056K, 0% used [0x00000000d8800000,0x00000000d8800000,0x00000000f2b00000)
  from space 109056K, 99% used [0x00000000f2b00000,0x00000000f957a040,0x00000000f9580000)
  to   space 109056K, 0% used [0x00000000f9580000,0x00000000f9580000,0x0000000100000000)
 ParOldGen       total 432128K, used 280875K [0x0000000089800000, 0x00000000a3e00000, 0x00000000d8800000)
  object space 432128K, 64% used [0x0000000089800000,0x000000009aa4af08,0x00000000a3e00000)
 Metaspace       used 65946K, capacity 71081K, committed 71424K, reserved 1112064K
  class space    used 7168K, capacity 8849K, committed 8960K, reserved 1048576K
}
Event: 20.463 GC heap before
{Heap before GC invocations=30 (full 4):
 PSYoungGen      total 538112K, used 538088K [0x00000000d8800000, 0x0000000100000000, 0x0000000100000000)
  eden space 429056K, 100% used [0x00000000d8800000,0x00000000f2b00000,0x00000000f2b00000)
  from space 109056K, 99% used [0x00000000f2b00000,0x00000000f957a040,0x00000000f9580000)
  to   space 109056K, 0% used [0x00000000f9580000,0x00000000f9580000,0x0000000100000000)
 ParOldGen       total 432128K, used 280875K [0x0000000089800000, 0x00000000a3e00000, 0x00000000d8800000)
  object space 432128K, 64% used [0x0000000089800000,0x000000009aa4af08,0x00000000a3e00000)
 Metaspace       used 67564K, capacity 73601K, committed 73728K, reserved 1114112K
  class space    used 7253K, capacity 9179K, committed 9216K, reserved 1048576K
Event: 20.657 GC heap after
Heap after GC invocations=30 (full 4):
 PSYoungGen      total 454144K, used 109044K [0x00000000d8800000, 0x0000000100000000, 0x0000000100000000)
  eden space 345088K, 0% used [0x00000000d8800000,0x00000000d8800000,0x00000000ed900000)
  from space 109056K, 99% used [0x00000000f9580000,0x00000000ffffd030,0x0000000100000000)
  to   space 151040K, 0% used [0x00000000ed900000,0x00000000ed900000,0x00000000f6c80000)
 ParOldGen       total 432128K, used 303667K [0x0000000089800000, 0x00000000a3e00000, 0x00000000d8800000)
  object space 432128K, 70% used [0x0000000089800000,0x000000009c08cf08,0x00000000a3e00000)
 Metaspace       used 67564K, capacity 73601K, committed 73728K, reserved 1114112K
  class space    used 7253K, capacity 9179K, committed 9216K, reserved 1048576K
}
Event: 21.659 GC heap before
{Heap before GC invocations=31 (full 4):
 PSYoungGen      total 454144K, used 454132K [0x00000000d8800000, 0x0000000100000000, 0x0000000100000000)
  eden space 345088K, 100% used [0x00000000d8800000,0x00000000ed900000,0x00000000ed900000)
  from space 109056K, 99% used [0x00000000f9580000,0x00000000ffffd030,0x0000000100000000)
  to   space 151040K, 0% used [0x00000000ed900000,0x00000000ed900000,0x00000000f6c80000)
 ParOldGen       total 432128K, used 303667K [0x0000000089800000, 0x00000000a3e00000, 0x00000000d8800000)
  object space 432128K, 70% used [0x0000000089800000,0x000000009c08cf08,0x00000000a3e00000)
 Metaspace       used 68046K, capacity 74309K, committed 74624K, reserved 1114112K
  class space    used 7289K, capacity 9249K, committed 9344K, reserved 1048576K
Event: 21.865 GC heap after
Heap after GC invocations=31 (full 4):
 PSYoungGen      total 496128K, used 80224K [0x00000000d8800000, 0x0000000100000000, 0x0000000100000000)
  eden space 345088K, 0% used [0x00000000d8800000,0x00000000d8800000,0x00000000ed900000)
  from space 151040K, 53% used [0x00000000ed900000,0x00000000f2758010,0x00000000f6c80000)
  to   space 149504K, 0% used [0x00000000f6e00000,0x00000000f6e00000,0x0000000100000000)
 ParOldGen       total 432128K, used 351145K [0x0000000089800000, 0x00000000a3e00000, 0x00000000d8800000)
  object space 432128K, 81% used [0x0000000089800000,0x000000009eeea708,0x00000000a3e00000)
 Metaspace       used 68046K, capacity 74309K, committed 74624K, reserved 1114112K
  class space    used 7289K, capacity 9249K, committed 9344K, reserved 1048576K
}
Event: 22.703 GC heap before
{Heap before GC invocations=32 (full 4):
 PSYoungGen      total 496128K, used 425312K [0x00000000d8800000, 0x0000000100000000, 0x0000000100000000)
  eden space 345088K, 100% used [0x00000000d8800000,0x00000000ed900000,0x00000000ed900000)
  from space 151040K, 53% used [0x00000000ed900000,0x00000000f2758010,0x00000000f6c80000)
  to   space 149504K, 0% used [0x00000000f6e00000,0x00000000f6e00000,0x0000000100000000)
 ParOldGen       total 432128K, used 351145K [0x0000000089800000, 0x00000000a3e00000, 0x00000000d8800000)
  object space 432128K, 81% used [0x0000000089800000,0x000000009eeea708,0x00000000a3e00000)
 Metaspace       used 69716K, capacity 76209K, committed 76416K, reserved 1116160K
  class space    used 7498K, capacity 9529K, committed 9600K, reserved 1048576K
Event: 22.790 GC heap after
Heap after GC invocations=32 (full 4):
 PSYoungGen      total 489472K, used 78523K [0x00000000d8800000, 0x00000000ff980000, 0x0000000100000000)
  eden space 346624K, 0% used [0x00000000d8800000,0x00000000d8800000,0x00000000eda80000)
  from space 142848K, 54% used [0x00000000f6e00000,0x00000000fbaaefa0,0x00000000ff980000)
  to   space 146944K, 0% used [0x00000000eda80000,0x00000000eda80000,0x00000000f6a00000)
 ParOldGen       total 432128K, used 370937K [0x0000000089800000, 0x00000000a3e00000, 0x00000000d8800000)
  object space 432128K, 85% used [0x0000000089800000,0x00000000a023e7c0,0x00000000a3e00000)
 Metaspace       used 69716K, capacity 76209K, committed 76416K, reserved 1116160K
  class space    used 7498K, capacity 9529K, committed 9600K, reserved 1048576K
}
Event: 23.504 GC heap before
{Heap before GC invocations=33 (full 4):
 PSYoungGen      total 489472K, used 425147K [0x00000000d8800000, 0x00000000ff980000, 0x0000000100000000)
  eden space 346624K, 100% used [0x00000000d8800000,0x00000000eda80000,0x00000000eda80000)
  from space 142848K, 54% used [0x00000000f6e00000,0x00000000fbaaefa0,0x00000000ff980000)
  to   space 146944K, 0% used [0x00000000eda80000,0x00000000eda80000,0x00000000f6a00000)
 ParOldGen       total 432128K, used 370937K [0x0000000089800000, 0x00000000a3e00000, 0x00000000d8800000)
  object space 432128K, 85% used [0x0000000089800000,0x00000000a023e7c0,0x00000000a3e00000)
 Metaspace       used 72496K, capacity 80425K, committed 80640K, reserved 1120256K
  class space    used 8008K, capacity 10431K, committed 10496K, reserved 1048576K
Event: 23.589 GC heap after
Heap after GC invocations=33 (full 4):
 PSYoungGen      total 493568K, used 78195K [0x00000000d8800000, 0x00000000ffe00000, 0x0000000100000000)
  eden space 346624K, 0% used [0x00000000d8800000,0x00000000d8800000,0x00000000eda80000)
  from space 146944K, 53% used [0x00000000eda80000,0x00000000f26dcfb8,0x00000000f6a00000)
  to   space 143872K, 0% used [0x00000000f7180000,0x00000000f7180000,0x00000000ffe00000)
 ParOldGen       total 432128K, used 390505K [0x0000000089800000, 0x00000000a3e00000, 0x00000000d8800000)
  object space 432128K, 90% used [0x0000000089800000,0x00000000a155a7c0,0x00000000a3e00000)
 Metaspace       used 72496K, capacity 80425K, committed 80640K, reserved 1120256K
  class space    used 8008K, capacity 10431K, committed 10496K, reserved 1048576K
}
Event: 23.590 GC heap before
{Heap before GC invocations=34 (full 5):
 PSYoungGen      total 493568K, used 78195K [0x00000000d8800000, 0x00000000ffe00000, 0x0000000100000000)
  eden space 346624K, 0% used [0x00000000d8800000,0x00000000d8800000,0x00000000eda80000)
  from space 146944K, 53% used [0x00000000eda80000,0x00000000f26dcfb8,0x00000000f6a00000)
  to   space 143872K, 0% used [0x00000000f7180000,0x00000000f7180000,0x00000000ffe00000)
 ParOldGen       total 432128K, used 390505K [0x0000000089800000, 0x00000000a3e00000, 0x00000000d8800000)
  object space 432128K, 90% used [0x0000000089800000,0x00000000a155a7c0,0x00000000a3e00000)
 Metaspace       used 72496K, capacity 80425K, committed 80640K, reserved 1120256K
  class space    used 8008K, capacity 10431K, committed 10496K, reserved 1048576K

