# JRE version: OpenJDK Runtime Environment (8.0_152-b01) (build 1.8.0_152-release-1024-b01)
# Java VM: OpenJDK 64-Bit Server VM (25.152-b01 mixed mode linux-amd64 compressed oops)
Heap:
 PSYoungGen      total 421376K, used 109410K [0x00000000d8800000, 0x0000000100000000, 0x0000000100000000)
  eden space 205824K, 0% used [0x00000000d8800000,0x00000000d8800000,0x00000000e5100000)
  from space 215552K, 50% used [0x00000000f2380000,0x00000000f8e58878,0x00000000ff600000)
  to   space 215552K, 0% used [0x00000000e5100000,0x00000000e5100000,0x00000000f2380000)
 ParOldGen       total 665600K, used 665239K [0x0000000089800000, 0x00000000b2200000, 0x00000000d8800000)
  object space 665600K, 99% used [0x0000000089800000,0x00000000b21a5f58,0x00000000b2200000)
 Metaspace       used 14625K, capacity 14882K, committed 15232K, reserved 1062912K
  class space    used 1775K, capacity 1877K, committed 1920K, reserved 1048576K
GC Heap History (10 events):
Event: 17.558 GC heap after
Heap after GC invocations=9 (full 2):
 PSYoungGen      total 274944K, used 69502K [0x00000000d8800000, 0x00000000f9e80000, 0x0000000100000000)
  eden space 198144K, 0% used [0x00000000d8800000,0x00000000d8800000,0x00000000e4980000)
  from space 76800K, 90% used [0x00000000e4980000,0x00000000e8d5fa40,0x00000000e9480000)
  to   space 147968K, 0% used [0x00000000f0e00000,0x00000000f0e00000,0x00000000f9e80000)
 ParOldGen       total 407552K, used 215718K [0x0000000089800000, 0x00000000a2600000, 0x00000000d8800000)
  object space 407552K, 52% used [0x0000000089800000,0x0000000096aa99b0,0x00000000a2600000)
 Metaspace       used 14623K, capacity 14882K, committed 15232K, reserved 1062912K
  class space    used 1775K, capacity 1877K, committed 1920K, reserved 1048576K
}
Event: 19.231 GC heap before
{Heap before GC invocations=10 (full 2):
 PSYoungGen      total 274944K, used 267646K [0x00000000d8800000, 0x00000000f9e80000, 0x0000000100000000)
  eden space 198144K, 100% used [0x00000000d8800000,0x00000000e4980000,0x00000000e4980000)
  from space 76800K, 90% used [0x00000000e4980000,0x00000000e8d5fa40,0x00000000e9480000)
  to   space 147968K, 0% used [0x00000000f0e00000,0x00000000f0e00000,0x00000000f9e80000)
 ParOldGen       total 407552K, used 215718K [0x0000000089800000, 0x00000000a2600000, 0x00000000d8800000)
  object space 407552K, 52% used [0x0000000089800000,0x0000000096aa99b0,0x00000000a2600000)
 Metaspace       used 14625K, capacity 14882K, committed 15232K, reserved 1062912K
  class space    used 1775K, capacity 1877K, committed 1920K, reserved 1048576K
Event: 19.834 GC heap after
Heap after GC invocations=10 (full 2):
 PSYoungGen      total 331776K, used 147968K [0x00000000d8800000, 0x0000000100000000, 0x0000000100000000)
  eden space 183808K, 0% used [0x00000000d8800000,0x00000000d8800000,0x00000000e3b80000)
  from space 147968K, 100% used [0x00000000f0e00000,0x00000000f9e80000,0x00000000f9e80000)
  to   space 215552K, 0% used [0x00000000e3b80000,0x00000000e3b80000,0x00000000f0e00000)
 ParOldGen       total 407552K, used 308974K [0x0000000089800000, 0x00000000a2600000, 0x00000000d8800000)
  object space 407552K, 75% used [0x0000000089800000,0x000000009c5bb9b0,0x00000000a2600000)
 Metaspace       used 14625K, capacity 14882K, committed 15232K, reserved 1062912K
  class space    used 1775K, capacity 1877K, committed 1920K, reserved 1048576K
}
Event: 19.834 GC heap before
{Heap before GC invocations=11 (full 3):
 PSYoungGen      total 331776K, used 147968K [0x00000000d8800000, 0x0000000100000000, 0x0000000100000000)
  eden space 183808K, 0% used [0x00000000d8800000,0x00000000d8800000,0x00000000e3b80000)
  from space 147968K, 100% used [0x00000000f0e00000,0x00000000f9e80000,0x00000000f9e80000)
  to   space 215552K, 0% used [0x00000000e3b80000,0x00000000e3b80000,0x00000000f0e00000)
 ParOldGen       total 407552K, used 308974K [0x0000000089800000, 0x00000000a2600000, 0x00000000d8800000)
  object space 407552K, 75% used [0x0000000089800000,0x000000009c5bb9b0,0x00000000a2600000)
 Metaspace       used 14625K, capacity 14882K, committed 15232K, reserved 1062912K
  class space    used 1775K, capacity 1877K, committed 1920K, reserved 1048576K
Event: 22.025 GC heap after
Heap after GC invocations=11 (full 3):
 PSYoungGen      total 331776K, used 48549K [0x00000000d8800000, 0x0000000100000000, 0x0000000100000000)
  eden space 183808K, 0% used [0x00000000d8800000,0x00000000d8800000,0x00000000e3b80000)
  from space 147968K, 32% used [0x00000000f0e00000,0x00000000f3d69460,0x00000000f9e80000)
  to   space 215552K, 0% used [0x00000000e3b80000,0x00000000e3b80000,0x00000000f0e00000)
 ParOldGen       total 665600K, used 407468K [0x0000000089800000, 0x00000000b2200000, 0x00000000d8800000)
  object space 665600K, 61% used [0x0000000089800000,0x00000000a25eb078,0x00000000b2200000)
 Metaspace       used 14625K, capacity 14882K, committed 15232K, reserved 1062912K
  class space    used 1775K, capacity 1877K, committed 1920K, reserved 1048576K
}
Event: 23.214 GC heap before
{Heap before GC invocations=12 (full 3):
 PSYoungGen      total 331776K, used 232357K [0x00000000d8800000, 0x0000000100000000, 0x0000000100000000)
  eden space 183808K, 100% used [0x00000000d8800000,0x00000000e3b80000,0x00000000e3b80000)
  from space 147968K, 32% used [0x00000000f0e00000,0x00000000f3d69460,0x00000000f9e80000)
  to   space 215552K, 0% used [0x00000000e3b80000,0x00000000e3b80000,0x00000000f0e00000)
 ParOldGen       total 665600K, used 407468K [0x0000000089800000, 0x00000000b2200000, 0x00000000d8800000)
  object space 665600K, 61% used [0x0000000089800000,0x00000000a25eb078,0x00000000b2200000)
 Metaspace       used 14625K, capacity 14882K, committed 15232K, reserved 1062912K
  class space    used 1775K, capacity 1877K, committed 1920K, reserved 1048576K
Event: 23.532 GC heap after
Heap after GC invocations=12 (full 3):
 PSYoungGen      total 399360K, used 204608K [0x00000000d8800000, 0x00000000ff600000, 0x0000000100000000)
  eden space 183808K, 0% used [0x00000000d8800000,0x00000000d8800000,0x00000000e3b80000)
  from space 215552K, 94% used [0x00000000e3b80000,0x00000000f0350000,0x00000000f0e00000)
  to   space 215552K, 0% used [0x00000000f2380000,0x00000000f2380000,0x00000000ff600000)
 ParOldGen       total 665600K, used 411924K [0x0000000089800000, 0x00000000b2200000, 0x00000000d8800000)
  object space 665600K, 61% used [0x0000000089800000,0x00000000a2a45078,0x00000000b2200000)
 Metaspace       used 14625K, capacity 14882K, committed 15232K, reserved 1062912K
  class space    used 1775K, capacity 1877K, committed 1920K, reserved 1048576K
}
Event: 24.875 GC heap before
{Heap before GC invocations=13 (full 3):
 PSYoungGen      total 399360K, used 388416K [0x00000000d8800000, 0x00000000ff600000, 0x0000000100000000)
  eden space 183808K, 100% used [0x00000000d8800000,0x00000000e3b80000,0x00000000e3b80000)
  from space 215552K, 94% used [0x00000000e3b80000,0x00000000f0350000,0x00000000f0e00000)
  to   space 215552K, 0% used [0x00000000f2380000,0x00000000f2380000,0x00000000ff600000)
 ParOldGen       total 665600K, used 411924K [0x0000000089800000, 0x00000000b2200000, 0x00000000d8800000)
  object space 665600K, 61% used [0x0000000089800000,0x00000000a2a45078,0x00000000b2200000)
 Metaspace       used 14625K, capacity 14882K, committed 15232K, reserved 1062912K
  class space    used 1775K, capacity 1877K, committed 1920K, reserved 1048576K
Event: 25.780 GC heap after
Heap after GC invocations=13 (full 3):
 PSYoungGen      total 421376K, used 215552K [0x00000000d8800000, 0x0000000100000000, 0x0000000100000000)
  eden space 205824K, 0% used [0x00000000d8800000,0x00000000d8800000,0x00000000e5100000)
  from space 215552K, 100% used [0x00000000f2380000,0x00000000ff600000,0x00000000ff600000)
  to   space 215552K, 0% used [0x00000000e5100000,0x00000000e5100000,0x00000000f2380000)
 ParOldGen       total 665600K, used 562012K [0x0000000089800000, 0x00000000b2200000, 0x00000000d8800000)
  object space 665600K, 84% used [0x0000000089800000,0x00000000abcd7078,0x00000000b2200000)
 Metaspace       used 14625K, capacity 14882K, committed 15232K, reserved 1062912K
  class space    used 1775K, capacity 1877K, committed 1920K, reserved 1048576K
}
Event: 25.780 GC heap before
{Heap before GC invocations=14 (full 4):
 PSYoungGen      total 421376K, used 215552K [0x00000000d8800000, 0x0000000100000000, 0x0000000100000000)
  eden space 205824K, 0% used [0x00000000d8800000,0x00000000d8800000,0x00000000e5100000)
  from space 215552K, 100% used [0x00000000f2380000,0x00000000ff600000,0x00000000ff600000)
  to   space 215552K, 0% used [0x00000000e5100000,0x00000000e5100000,0x00000000f2380000)
 ParOldGen       total 665600K, used 562012K [0x0000000089800000, 0x00000000b2200000, 0x00000000d8800000)
  object space 665600K, 84% used [0x0000000089800000,0x00000000abcd7078,0x00000000b2200000)
 Metaspace       used 14625K, capacity 14882K, committed 15232K, reserved 1062912K
  class space    used 1775K, capacity 1877K, committed 1920K, reserved 1048576K

