# JRE version: OpenJDK Runtime Environment (8.0_152-b01) (build 1.8.0_152-release-1024-b01)
# Java VM: OpenJDK 64-Bit Server VM (25.152-b01 mixed mode linux-amd64 compressed oops)
Heap:
 PSYoungGen      total 269824K, used 31225K [0x00000000d8800000, 0x00000000eb500000, 0x0000000100000000)
  eden space 238592K, 0% used [0x00000000d8800000,0x00000000d8800000,0x00000000e7100000)
  from space 31232K, 99% used [0x00000000e7100000,0x00000000e8f7e680,0x00000000e8f80000)
  to   space 24064K, 0% used [0x00000000e8f80000,0x00000000e8f80000,0x00000000ea700000)
 ParOldGen       total 81920K, used 41363K [0x0000000089800000, 0x000000008e800000, 0x00000000d8800000)
  object space 81920K, 50% used [0x0000000089800000,0x000000008c064d70,0x000000008e800000)
 Metaspace       used 20394K, capacity 21218K, committed 21296K, reserved 1069056K
  class space    used 2063K, capacity 2374K, committed 2432K, reserved 1048576K
GC Heap History (10 events):
Event: 1.338 GC heap after
Heap after GC invocations=2 (full 0):
 PSYoungGen      total 66560K, used 4034K [0x00000000d8800000, 0x00000000dce00000, 0x0000000100000000)
  eden space 61440K, 0% used [0x00000000d8800000,0x00000000d8800000,0x00000000dc400000)
  from space 5120K, 78% used [0x00000000dc900000,0x00000000dccf0888,0x00000000dce00000)
  to   space 5120K, 0% used [0x00000000dc400000,0x00000000dc400000,0x00000000dc900000)
 ParOldGen       total 81920K, used 80K [0x0000000089800000, 0x000000008e800000, 0x00000000d8800000)
  object space 81920K, 0% used [0x0000000089800000,0x0000000089814010,0x000000008e800000)
 Metaspace       used 10746K, capacity 10986K, committed 11136K, reserved 1058816K
  class space    used 1223K, capacity 1339K, committed 1408K, reserved 1048576K
}
Event: 2.316 GC heap before
{Heap before GC invocations=3 (full 0):
 PSYoungGen      total 66560K, used 65474K [0x00000000d8800000, 0x00000000dce00000, 0x0000000100000000)
  eden space 61440K, 100% used [0x00000000d8800000,0x00000000dc400000,0x00000000dc400000)
  from space 5120K, 78% used [0x00000000dc900000,0x00000000dccf0888,0x00000000dce00000)
  to   space 5120K, 0% used [0x00000000dc400000,0x00000000dc400000,0x00000000dc900000)
 ParOldGen       total 81920K, used 80K [0x0000000089800000, 0x000000008e800000, 0x00000000d8800000)
  object space 81920K, 0% used [0x0000000089800000,0x0000000089814010,0x000000008e800000)
 Metaspace       used 13416K, capacity 13684K, committed 13824K, reserved 1060864K
  class space    used 1437K, capacity 1532K, committed 1536K, reserved 1048576K
Event: 2.360 GC heap after
Heap after GC invocations=3 (full 0):
 PSYoungGen      total 66560K, used 5111K [0x00000000d8800000, 0x00000000e0a00000, 0x0000000100000000)
  eden space 61440K, 0% used [0x00000000d8800000,0x00000000d8800000,0x00000000dc400000)
  from space 5120K, 99% used [0x00000000dc400000,0x00000000dc8fdf18,0x00000000dc900000)
  to   space 5120K, 0% used [0x00000000e0500000,0x00000000e0500000,0x00000000e0a00000)
 ParOldGen       total 81920K, used 16728K [0x0000000089800000, 0x000000008e800000, 0x00000000d8800000)
  object space 81920K, 20% used [0x0000000089800000,0x000000008a856190,0x000000008e800000)
 Metaspace       used 13416K, capacity 13684K, committed 13824K, reserved 1060864K
  class space    used 1437K, capacity 1532K, committed 1536K, reserved 1048576K
}
Event: 3.143 GC heap before
{Heap before GC invocations=4 (full 0):
 PSYoungGen      total 66560K, used 66551K [0x00000000d8800000, 0x00000000e0a00000, 0x0000000100000000)
  eden space 61440K, 100% used [0x00000000d8800000,0x00000000dc400000,0x00000000dc400000)
  from space 5120K, 99% used [0x00000000dc400000,0x00000000dc8fdf18,0x00000000dc900000)
  to   space 5120K, 0% used [0x00000000e0500000,0x00000000e0500000,0x00000000e0a00000)
 ParOldGen       total 81920K, used 16728K [0x0000000089800000, 0x000000008e800000, 0x00000000d8800000)
  object space 81920K, 20% used [0x0000000089800000,0x000000008a856190,0x000000008e800000)
 Metaspace       used 13477K, capacity 13684K, committed 13824K, reserved 1060864K
  class space    used 1437K, capacity 1532K, committed 1536K, reserved 1048576K
Event: 3.155 GC heap after
Heap after GC invocations=4 (full 0):
 PSYoungGen      total 128000K, used 5111K [0x00000000d8800000, 0x00000000e0a00000, 0x0000000100000000)
  eden space 122880K, 0% used [0x00000000d8800000,0x00000000d8800000,0x00000000e0000000)
  from space 5120K, 99% used [0x00000000e0500000,0x00000000e09fdf38,0x00000000e0a00000)
  to   space 5120K, 0% used [0x00000000e0000000,0x00000000e0000000,0x00000000e0500000)
 ParOldGen       total 81920K, used 23710K [0x0000000089800000, 0x000000008e800000, 0x00000000d8800000)
  object space 81920K, 28% used [0x0000000089800000,0x000000008af27a58,0x000000008e800000)
 Metaspace       used 13477K, capacity 13684K, committed 13824K, reserved 1060864K
  class space    used 1437K, capacity 1532K, committed 1536K, reserved 1048576K
}
Event: 3.773 GC heap before
{Heap before GC invocations=5 (full 0):
 PSYoungGen      total 128000K, used 127991K [0x00000000d8800000, 0x00000000e0a00000, 0x0000000100000000)
  eden space 122880K, 100% used [0x00000000d8800000,0x00000000e0000000,0x00000000e0000000)
  from space 5120K, 99% used [0x00000000e0500000,0x00000000e09fdf38,0x00000000e0a00000)
  to   space 5120K, 0% used [0x00000000e0000000,0x00000000e0000000,0x00000000e0500000)
 ParOldGen       total 81920K, used 23710K [0x0000000089800000, 0x000000008e800000, 0x00000000d8800000)
  object space 81920K, 28% used [0x0000000089800000,0x000000008af27a58,0x000000008e800000)
 Metaspace       used 13671K, capacity 13876K, committed 14080K, reserved 1062912K
  class space    used 1439K, capacity 1532K, committed 1536K, reserved 1048576K
Event: 3.794 GC heap after
Heap after GC invocations=5 (full 0):
 PSYoungGen      total 128000K, used 5104K [0x00000000d8800000, 0x00000000ea700000, 0x0000000100000000)
  eden space 122880K, 0% used [0x00000000d8800000,0x00000000d8800000,0x00000000e0000000)
  from space 5120K, 99% used [0x00000000e0000000,0x00000000e04fc010,0x00000000e0500000)
  to   space 24064K, 0% used [0x00000000e8f80000,0x00000000e8f80000,0x00000000ea700000)
 ParOldGen       total 81920K, used 36461K [0x0000000089800000, 0x000000008e800000, 0x00000000d8800000)
  object space 81920K, 44% used [0x0000000089800000,0x000000008bb9b4b8,0x000000008e800000)
 Metaspace       used 13671K, capacity 13876K, committed 14080K, reserved 1062912K
  class space    used 1439K, capacity 1532K, committed 1536K, reserved 1048576K
}
Event: 4.193 GC heap before
{Heap before GC invocations=6 (full 0):
 PSYoungGen      total 128000K, used 127984K [0x00000000d8800000, 0x00000000ea700000, 0x0000000100000000)
  eden space 122880K, 100% used [0x00000000d8800000,0x00000000e0000000,0x00000000e0000000)
  from space 5120K, 99% used [0x00000000e0000000,0x00000000e04fc010,0x00000000e0500000)
  to   space 24064K, 0% used [0x00000000e8f80000,0x00000000e8f80000,0x00000000ea700000)
 ParOldGen       total 81920K, used 36461K [0x0000000089800000, 0x000000008e800000, 0x00000000d8800000)
  object space 81920K, 44% used [0x0000000089800000,0x000000008bb9b4b8,0x000000008e800000)
 Metaspace       used 13801K, capacity 14108K, committed 14464K, reserved 1062912K
  class space    used 1453K, capacity 1566K, committed 1664K, reserved 1048576K
Event: 4.242 GC heap after
Heap after GC invocations=6 (full 0):
 PSYoungGen      total 262656K, used 24039K [0x00000000d8800000, 0x00000000eb500000, 0x0000000100000000)
  eden space 238592K, 0% used [0x00000000d8800000,0x00000000d8800000,0x00000000e7100000)
  from space 24064K, 99% used [0x00000000e8f80000,0x00000000ea6f9f88,0x00000000ea700000)
  to   space 31232K, 0% used [0x00000000e7100000,0x00000000e7100000,0x00000000e8f80000)
 ParOldGen       total 81920K, used 39713K [0x0000000089800000, 0x000000008e800000, 0x00000000d8800000)
  object space 81920K, 48% used [0x0000000089800000,0x000000008bec8660,0x000000008e800000)
 Metaspace       used 13801K, capacity 14108K, committed 14464K, reserved 1062912K
  class space    used 1453K, capacity 1566K, committed 1664K, reserved 1048576K
}
Event: 5.241 GC heap before
{Heap before GC invocations=7 (full 0):
 PSYoungGen      total 262656K, used 234985K [0x00000000d8800000, 0x00000000eb500000, 0x0000000100000000)
  eden space 238592K, 88% used [0x00000000d8800000,0x00000000e56005a0,0x00000000e7100000)
  from space 24064K, 99% used [0x00000000e8f80000,0x00000000ea6f9f88,0x00000000ea700000)
  to   space 31232K, 0% used [0x00000000e7100000,0x00000000e7100000,0x00000000e8f80000)
 ParOldGen       total 81920K, used 39713K [0x0000000089800000, 0x000000008e800000, 0x00000000d8800000)
  object space 81920K, 48% used [0x0000000089800000,0x000000008bec8660,0x000000008e800000)
 Metaspace       used 20394K, capacity 21218K, committed 21296K, reserved 1069056K
  class space    used 2063K, capacity 2374K, committed 2432K, reserved 1048576K

